Using pre-set license
Built from '2022.3/staging' branch; Version is '2022.3.19f1 (244b723c30a6) revision 2378610'; Using compiler version '192829333'; Build Type 'Release'
OS: 'Windows 10  (10.0.19045) 64bit Professional' Language: 'ko' Physical Memory: 16338 MB
BatchMode: 1, IsHumanControllingUs: 0, StartBugReporterOnCrash: 0, Is64bit: 1, IsPro: 1

COMMAND LINE ARGUMENTS:
C:\Program Files\Unity\Hub\Editor\2022.3.19f1\Editor\Unity.exe
-adb2
-batchMode
-noUpm
-name
AssetImportWorker0
-projectPath
C:/Users/admin/Desktop/Github/DTE/DTE
-logFile
Logs/AssetImportWorker0.log
-srvPort
64858
Successfully changed project path to: C:/Users/admin/Desktop/Github/DTE/DTE
C:/Users/admin/Desktop/Github/DTE/DTE
[UnityMemory] Configuration Parameters - Can be set up in boot.config
    "memorysetup-bucket-allocator-granularity=16"
    "memorysetup-bucket-allocator-bucket-count=8"
    "memorysetup-bucket-allocator-block-size=33554432"
    "memorysetup-bucket-allocator-block-count=8"
    "memorysetup-main-allocator-block-size=16777216"
    "memorysetup-thread-allocator-block-size=16777216"
    "memorysetup-gfx-main-allocator-block-size=16777216"
    "memorysetup-gfx-thread-allocator-block-size=16777216"
    "memorysetup-cache-allocator-block-size=4194304"
    "memorysetup-typetree-allocator-block-size=2097152"
    "memorysetup-profiler-bucket-allocator-granularity=16"
    "memorysetup-profiler-bucket-allocator-bucket-count=8"
    "memorysetup-profiler-bucket-allocator-block-size=33554432"
    "memorysetup-profiler-bucket-allocator-block-count=8"
    "memorysetup-profiler-allocator-block-size=16777216"
    "memorysetup-profiler-editor-allocator-block-size=1048576"
    "memorysetup-temp-allocator-size-main=16777216"
    "memorysetup-job-temp-allocator-block-size=2097152"
    "memorysetup-job-temp-allocator-block-size-background=1048576"
    "memorysetup-job-temp-allocator-reduction-small-platforms=262144"
    "memorysetup-allocator-temp-initial-block-size-main=262144"
    "memorysetup-allocator-temp-initial-block-size-worker=262144"
    "memorysetup-temp-allocator-size-background-worker=32768"
    "memorysetup-temp-allocator-size-job-worker=262144"
    "memorysetup-temp-allocator-size-preload-manager=33554432"
    "memorysetup-temp-allocator-size-nav-mesh-worker=65536"
    "memorysetup-temp-allocator-size-audio-worker=65536"
    "memorysetup-temp-allocator-size-cloud-worker=32768"
    "memorysetup-temp-allocator-size-gi-baking-worker=262144"
    "memorysetup-temp-allocator-size-gfx=262144"
Player connection [7208] Host "[IP] 192.168.2.31 [Port] 0 [Flags] 2 [Guid] 1612424434 [EditorId] 1612424434 [Version] 1048832 [Id] WindowsEditor(7,DESKTOP-3M241IT) [Debug] 1 [PackageName] WindowsEditor [ProjectName] Editor" joined multi-casting on [225.0.0.222:54997]...

Player connection [7208] Host "[IP] 192.168.2.31 [Port] 0 [Flags] 2 [Guid] 1612424434 [EditorId] 1612424434 [Version] 1048832 [Id] WindowsEditor(7,DESKTOP-3M241IT) [Debug] 1 [PackageName] WindowsEditor [ProjectName] Editor" joined alternative multi-casting on [225.0.0.222:34997]...

[Physics::Module] Initialized MultithreadedJobDispatcher with 3 workers.
Refreshing native plugins compatible for Editor in 0.00 ms, found 0 plugins.
Preloading 0 native plugins for Editor in 0.00 ms.
Initialize engine version: 2022.3.19f1 (244b723c30a6)
[Subsystems] Discovering subsystems at path C:/Program Files/Unity/Hub/Editor/2022.3.19f1/Editor/Data/Resources/UnitySubsystems
[Subsystems] Discovering subsystems at path C:/Users/admin/Desktop/Github/DTE/DTE/Assets
GfxDevice: creating device client; threaded=0; jobified=0
Direct3D:
    Version:  Direct3D 11.0 [level 11.1]
    Renderer: NVIDIA GeForce RTX 2060 SUPER (ID=0x1f06)
    Vendor:   NVIDIA
    VRAM:     8019 MB
    Driver:   31.0.15.3623
Initialize mono
Mono path[0] = 'C:/Program Files/Unity/Hub/Editor/2022.3.19f1/Editor/Data/Managed'
Mono path[1] = 'C:/Program Files/Unity/Hub/Editor/2022.3.19f1/Editor/Data/MonoBleedingEdge/lib/mono/unityjit-win32'
Mono config path = 'C:/Program Files/Unity/Hub/Editor/2022.3.19f1/Editor/Data/MonoBleedingEdge/etc'
Using monoOptions --debugger-agent=transport=dt_socket,embedding=1,server=y,suspend=n,address=127.0.0.1:56200
Begin MonoManager ReloadAssembly
Registering precompiled unity dll's ...
Register platform support module: C:/Program Files/Unity/Hub/Editor/2022.3.19f1/Editor/Data/PlaybackEngines/AndroidPlayer/UnityEditor.Android.Extensions.dll
Register platform support module: C:/Program Files/Unity/Hub/Editor/2022.3.19f1/Editor/Data/PlaybackEngines/WindowsStandaloneSupport/UnityEditor.WindowsStandalone.Extensions.dll
Registered in 0.013947 seconds.
- Loaded All Assemblies, in  0.433 seconds
Native extension for WindowsStandalone target not found
Native extension for Android target not found
Android Extension - Scanning For ADB Devices 306 ms
Mono: successfully reloaded assembly
- Finished resetting the current domain, in  0.689 seconds
Domain Reload Profiling: 1121ms
	BeginReloadAssembly (131ms)
		ExecutionOrderSort (0ms)
		DisableScriptedObjects (0ms)
		BackupInstance (0ms)
		ReleaseScriptingObjects (0ms)
		CreateAndSetChildDomain (1ms)
	RebuildCommonClasses (39ms)
	RebuildNativeTypeToScriptingClass (13ms)
	initialDomainReloadingComplete (74ms)
	LoadAllAssembliesAndSetupDomain (174ms)
		LoadAssemblies (129ms)
		RebuildTransferFunctionScriptingTraits (0ms)
		AnalyzeDomain (171ms)
			TypeCache.Refresh (170ms)
				TypeCache.ScanAssembly (155ms)
			ScanForSourceGeneratedMonoScriptInfo (0ms)
			ResolveRequiredComponents (0ms)
	FinalizeReload (690ms)
		ReleaseScriptCaches (0ms)
		RebuildScriptCaches (0ms)
		SetupLoadedEditorAssemblies (619ms)
			LogAssemblyErrors (0ms)
			InitializePlatformSupportModulesInManaged (427ms)
			SetLoadedEditorAssemblies (4ms)
			RefreshPlugins (0ms)
			BeforeProcessingInitializeOnLoad (2ms)
			ProcessInitializeOnLoadAttributes (126ms)
			ProcessInitializeOnLoadMethodAttributes (60ms)
			AfterProcessingInitializeOnLoad (0ms)
			EditorAssembliesLoaded (0ms)
		ExecutionOrderSort2 (0ms)
		AwakeInstancesAfterBackupRestoration (0ms)
========================================================================
Worker process is ready to serve import requests
Begin MonoManager ReloadAssembly
- Loaded All Assemblies, in  0.286 seconds
Refreshing native plugins compatible for Editor in 0.00 ms, found 0 plugins.
Native extension for WindowsStandalone target not found
Native extension for Android target not found
Mono: successfully reloaded assembly
- Finished resetting the current domain, in  0.452 seconds
Domain Reload Profiling: 735ms
	BeginReloadAssembly (170ms)
		ExecutionOrderSort (0ms)
		DisableScriptedObjects (7ms)
		BackupInstance (0ms)
		ReleaseScriptingObjects (0ms)
		CreateAndSetChildDomain (26ms)
	RebuildCommonClasses (40ms)
	RebuildNativeTypeToScriptingClass (13ms)
	initialDomainReloadingComplete (29ms)
	LoadAllAssembliesAndSetupDomain (31ms)
		LoadAssemblies (104ms)
		RebuildTransferFunctionScriptingTraits (0ms)
		AnalyzeDomain (26ms)
			TypeCache.Refresh (24ms)
				TypeCache.ScanAssembly (17ms)
			ScanForSourceGeneratedMonoScriptInfo (1ms)
			ResolveRequiredComponents (0ms)
	FinalizeReload (452ms)
		ReleaseScriptCaches (0ms)
		RebuildScriptCaches (0ms)
		SetupLoadedEditorAssemblies (289ms)
			LogAssemblyErrors (0ms)
			InitializePlatformSupportModulesInManaged (32ms)
			SetLoadedEditorAssemblies (5ms)
			RefreshPlugins (0ms)
			BeforeProcessingInitializeOnLoad (43ms)
			ProcessInitializeOnLoadAttributes (166ms)
			ProcessInitializeOnLoadMethodAttributes (33ms)
			AfterProcessingInitializeOnLoad (9ms)
			EditorAssembliesLoaded (0ms)
		ExecutionOrderSort2 (0ms)
		AwakeInstancesAfterBackupRestoration (8ms)
Launched and connected shader compiler UnityShaderCompiler.exe after 0.05 seconds
Refreshing native plugins compatible for Editor in 0.00 ms, found 0 plugins.
Preloading 0 native plugins for Editor in 0.00 ms.
Unloading 129 Unused Serialized files (Serialized files now loaded: 0)
Unloading 9 unused Assets / (21.5 KB). Loaded Objects now: 606.
Memory consumption went from 61.1 MB to 61.1 MB.
Total: 2.199400 ms (FindLiveObjects: 0.046900 ms CreateObjectMapping: 0.005700 ms MarkObjects: 2.120500 ms  DeleteObjects: 0.025100 ms)

AssetImportParameters requested are different than current active one (requested -> active):
  custom:video-encoder-webm-vp8: eb34c28f22e8b96e1ab97ce403110664 -> 
  custom:audio-encoder-webm-vorbis: bf7c407c2cedff20999df2af8eb42d56 -> 
  custom:video-decoder-webm-vp8: 9c59270c3fd7afecdb556c50c9e8de78 -> 
  custom:container-demuxer-webm: 4f35f7cbe854078d1ac9338744f61a02 -> 
  custom:SearchIndexIgnoredProperties: e643bd26f0fe6173181afceb89e7c659 -> 
  custom:container-muxer-webm: aa71ff27fc2769a1b78a27578f13a17b -> 
  custom:container-demuxer-ogg: 62fdf1f143b41e24485cea50d1cbac27 -> 
  custom:audio-decoder-ogg-vorbis: bf7c407c2cedff20999df2af8eb42d56 -> 
  custom:AudioImporter_EditorPlatform: d09bf68614088b80899f8185d706f6e7 -> 
  custom:video-decoder-ogg-theora: a1e56fd34408186e4bbccfd4996cb3dc -> 
  custom:CustomObjectIndexerAttribute: 6d391050e5a25f67b0a2c618074f2cd9 -> 
  custom:framework-win-MediaFoundation: 216162199b28c13a410421893ffa2e32 -> 
========================================================================
Received Import Request.
  Time since last request: 27187.224011 seconds.
  path: Assets
  artifactKey: Guid(00000000000000001000000000000000) Importer(815301076,1909f56bfc062723c751e8b465ee728b)
Start importing Assets using Guid(00000000000000001000000000000000) Importer(815301076,1909f56bfc062723c751e8b465ee728b)  -> (artifact id: '8a4fe85251aa2e89732c359432baa2c3') in 0.002749 seconds
Number of updated asset objects reloaded before import = 0
Number of asset objects unloaded after import = 0
========================================================================
Received Import Request.
  Time since last request: 9.302468 seconds.
  path: Assets/Resorces
  artifactKey: Guid(2a1faa9f212335d419b60548e6a9bb6f) Importer(815301076,1909f56bfc062723c751e8b465ee728b)
Start importing Assets/Resorces using Guid(2a1faa9f212335d419b60548e6a9bb6f) Importer(815301076,1909f56bfc062723c751e8b465ee728b)  -> (artifact id: 'aa1ff440eb14bf86508f0cfabceddbee') in 0.000636 seconds
Number of updated asset objects reloaded before import = 0
Number of asset objects unloaded after import = 0
========================================================================
Received Import Request.
  Time since last request: 16.910527 seconds.
  path: Assets/Resorces/Background
  artifactKey: Guid(9daf7f05e7a73734dbeac01f03a7fbc8) Importer(815301076,1909f56bfc062723c751e8b465ee728b)
Start importing Assets/Resorces/Background using Guid(9daf7f05e7a73734dbeac01f03a7fbc8) Importer(815301076,1909f56bfc062723c751e8b465ee728b)  -> (artifact id: 'bcd405805cd919c055aebc2ddb35e6a9') in 0.000594 seconds
Number of updated asset objects reloaded before import = 0
Number of asset objects unloaded after import = 0
========================================================================
Received Import Request.
  Time since last request: 15.450238 seconds.
  path: Assets/Resorces/Background/BackgroundSky
  artifactKey: Guid(9b566057b97ad21469bacbf14466aee5) Importer(815301076,1909f56bfc062723c751e8b465ee728b)
Start importing Assets/Resorces/Background/BackgroundSky using Guid(9b566057b97ad21469bacbf14466aee5) Importer(815301076,1909f56bfc062723c751e8b465ee728b)  -> (artifact id: 'b8c859469dd7ec2e082ac64192d3408d') in 0.000671 seconds
Number of updated asset objects reloaded before import = 0
Number of asset objects unloaded after import = 0
========================================================================
Received Import Request.
  Time since last request: 6.982804 seconds.
  path: Assets/Resorces/Background/Nightfall
  artifactKey: Guid(752f47280e18b844abc1f0a4ba09f6a8) Importer(815301076,1909f56bfc062723c751e8b465ee728b)
Start importing Assets/Resorces/Background/Nightfall using Guid(752f47280e18b844abc1f0a4ba09f6a8) Importer(815301076,1909f56bfc062723c751e8b465ee728b)  -> (artifact id: 'f51da19cdf4621c0208553125279249e') in 0.000597 seconds
Number of updated asset objects reloaded before import = 0
Number of asset objects unloaded after import = 0
========================================================================
Received Import Request.
  Time since last request: 2.863080 seconds.
  path: Assets/Resorces/Background/Forest
  artifactKey: Guid(37aa636c28ebd1747ab3ef42ac17abe5) Importer(815301076,1909f56bfc062723c751e8b465ee728b)
Start importing Assets/Resorces/Background/Forest using Guid(37aa636c28ebd1747ab3ef42ac17abe5) Importer(815301076,1909f56bfc062723c751e8b465ee728b)  -> (artifact id: '492b26fc5fa626476876760a3fe700b2') in 0.000819 seconds
Number of updated asset objects reloaded before import = 0
Number of asset objects unloaded after import = 0
========================================================================
Received Import Request.
  Time since last request: 0.463175 seconds.
  path: Assets/Resorces/Background/Dawn
  artifactKey: Guid(c7c6d4543b9f75f4891e6fc5d10738c0) Importer(815301076,1909f56bfc062723c751e8b465ee728b)
Start importing Assets/Resorces/Background/Dawn using Guid(c7c6d4543b9f75f4891e6fc5d10738c0) Importer(815301076,1909f56bfc062723c751e8b465ee728b)  -> (artifact id: 'f92a8e1a1da9322d27857dd5bb702996') in 0.000803 seconds
Number of updated asset objects reloaded before import = 0
Number of asset objects unloaded after import = 0
========================================================================
Received Import Request.
  Time since last request: 1.137231 seconds.
  path: Assets/Resorces/Background/Dawn/Layer 1.png
  artifactKey: Guid(da786ce0d9759bc43b057510d79c0d46) Importer(815301076,1909f56bfc062723c751e8b465ee728b)
Start importing Assets/Resorces/Background/Dawn/Layer 1.png using Guid(da786ce0d9759bc43b057510d79c0d46) Importer(815301076,1909f56bfc062723c751e8b465ee728b)  -> (artifact id: '68b2c1b9004c9755130d292f0816ff11') in 0.091912 seconds
Number of updated asset objects reloaded before import = 0
Number of asset objects unloaded after import = 3
========================================================================
Received Import Request.
  Time since last request: 0.307083 seconds.
  path: Assets/Resorces/Background/Dawn/Layer 2.png
  artifactKey: Guid(0fa4b910f7d3ea944870e8579759a199) Importer(815301076,1909f56bfc062723c751e8b465ee728b)
Start importing Assets/Resorces/Background/Dawn/Layer 2.png using Guid(0fa4b910f7d3ea944870e8579759a199) Importer(815301076,1909f56bfc062723c751e8b465ee728b)  -> (artifact id: '4bfa144f993413d023ae6cd008f16469') in 0.033711 seconds
Number of updated asset objects reloaded before import = 0
Number of asset objects unloaded after import = 3
========================================================================
Received Import Request.
  Time since last request: 4.170539 seconds.
  path: Assets/Resorces/Background/Sunset
  artifactKey: Guid(258278a1a51175e44a9c72c0869ac18c) Importer(815301076,1909f56bfc062723c751e8b465ee728b)
Start importing Assets/Resorces/Background/Sunset using Guid(258278a1a51175e44a9c72c0869ac18c) Importer(815301076,1909f56bfc062723c751e8b465ee728b)  -> (artifact id: '04db66909f9c8d41af6df94cce068dad') in 0.000929 seconds
Number of updated asset objects reloaded before import = 0
Number of asset objects unloaded after import = 0
========================================================================
Received Import Request.
  Time since last request: 14.914331 seconds.
  path: Assets/Resorces/Background/Sunset/Layer 3.png
  artifactKey: Guid(090e479453f521543b2efd351e6449b7) Importer(815301076,1909f56bfc062723c751e8b465ee728b)
Start importing Assets/Resorces/Background/Sunset/Layer 3.png using Guid(090e479453f521543b2efd351e6449b7) Importer(815301076,1909f56bfc062723c751e8b465ee728b)  -> (artifact id: '720a1d69d5351d35ae87a1cb52f83b78') in 0.024678 seconds
Number of updated asset objects reloaded before import = 0
Number of asset objects unloaded after import = 3
========================================================================
Received Import Request.
  Time since last request: 4.936596 seconds.
  path: Assets/Resorces/Background/Sunset/Layer 2.png
  artifactKey: Guid(c6e924dcfc5506d4fa0b9585142983e7) Importer(815301076,1909f56bfc062723c751e8b465ee728b)
Start importing Assets/Resorces/Background/Sunset/Layer 2.png using Guid(c6e924dcfc5506d4fa0b9585142983e7) Importer(815301076,1909f56bfc062723c751e8b465ee728b)  -> (artifact id: 'c07f417cc2f15b92b49367a45f30b2fb') in 0.024269 seconds
Number of updated asset objects reloaded before import = 0
Number of asset objects unloaded after import = 3
========================================================================
Received Import Request.
  Time since last request: 0.329604 seconds.
  path: Assets/Resorces/Background/Sunset/Layer 1.png
  artifactKey: Guid(5f03e73926a13ab4f90e2b95412f2603) Importer(815301076,1909f56bfc062723c751e8b465ee728b)
Start importing Assets/Resorces/Background/Sunset/Layer 1.png using Guid(5f03e73926a13ab4f90e2b95412f2603) Importer(815301076,1909f56bfc062723c751e8b465ee728b)  -> (artifact id: 'db04b5f760c7e26b41ef7559dd0ad199') in 0.023053 seconds
Number of updated asset objects reloaded before import = 0
Number of asset objects unloaded after import = 3
========================================================================
Received Import Request.
  Time since last request: 77.903738 seconds.
  path: Assets/Resorces/Background/Sunset/Layer 2.png
  artifactKey: Guid(c6e924dcfc5506d4fa0b9585142983e7) Importer(815301076,1909f56bfc062723c751e8b465ee728b)
Start importing Assets/Resorces/Background/Sunset/Layer 2.png using Guid(c6e924dcfc5506d4fa0b9585142983e7) Importer(815301076,1909f56bfc062723c751e8b465ee728b)  -> (artifact id: '4de6236bb2784ebc518020c0b5a2fd38') in 0.275987 seconds
Number of updated asset objects reloaded before import = 0
Number of asset objects unloaded after import = 3
========================================================================
Received Import Request.
  Time since last request: 160.023269 seconds.
  path: Assets/Resorces/Background/Sunset/Layer 1.png
  artifactKey: Guid(5f03e73926a13ab4f90e2b95412f2603) Importer(815301076,1909f56bfc062723c751e8b465ee728b)
Start importing Assets/Resorces/Background/Sunset/Layer 1.png using Guid(5f03e73926a13ab4f90e2b95412f2603) Importer(815301076,1909f56bfc062723c751e8b465ee728b)  -> (artifact id: '19a3315c603986fa81745015ed3fcdab') in 0.020023 seconds
Number of updated asset objects reloaded before import = 0
Number of asset objects unloaded after import = 3
========================================================================
Received Import Request.
  Time since last request: 0.863349 seconds.
  path: Assets/Resorces/Background/Sunset/Layer 4.png
  artifactKey: Guid(300bc328a9b55f3488b8cad87898f2ef) Importer(815301076,1909f56bfc062723c751e8b465ee728b)
Start importing Assets/Resorces/Background/Sunset/Layer 4.png using Guid(300bc328a9b55f3488b8cad87898f2ef) Importer(815301076,1909f56bfc062723c751e8b465ee728b)  -> (artifact id: 'c466a73808f734f685b77bd96fc9c220') in 0.026746 seconds
Number of updated asset objects reloaded before import = 0
Number of asset objects unloaded after import = 3
========================================================================
Received Import Request.
  Time since last request: 0.364425 seconds.
  path: Assets/Resorces/Background/Sunset/Layer 3.png
  artifactKey: Guid(090e479453f521543b2efd351e6449b7) Importer(815301076,1909f56bfc062723c751e8b465ee728b)
Start importing Assets/Resorces/Background/Sunset/Layer 3.png using Guid(090e479453f521543b2efd351e6449b7) Importer(815301076,1909f56bfc062723c751e8b465ee728b)  -> (artifact id: '3850fb0faa60af989c0e7c485afbe6b8') in 0.019759 seconds
Number of updated asset objects reloaded before import = 0
Number of asset objects unloaded after import = 3
========================================================================
Received Import Request.
  Time since last request: 0.867493 seconds.
  path: Assets/Resorces/Background/Sunset/Layer 5.png
  artifactKey: Guid(fc2268a73a5ef1242bff0ca1282ee34a) Importer(815301076,1909f56bfc062723c751e8b465ee728b)
Start importing Assets/Resorces/Background/Sunset/Layer 5.png using Guid(fc2268a73a5ef1242bff0ca1282ee34a) Importer(815301076,1909f56bfc062723c751e8b465ee728b)  -> (artifact id: 'cb9e647fba23bdb1dd3e7c6fc5ca87fb') in 0.027084 seconds
Number of updated asset objects reloaded before import = 0
Number of asset objects unloaded after import = 3
========================================================================
Received Import Request.
  Time since last request: 127.233359 seconds.
  path: Assets/Resorces/Background/Forest/Layer 2.png
  artifactKey: Guid(345a956a7b01f7743b20acddbc331381) Importer(815301076,1909f56bfc062723c751e8b465ee728b)
Start importing Assets/Resorces/Background/Forest/Layer 2.png using Guid(345a956a7b01f7743b20acddbc331381) Importer(815301076,1909f56bfc062723c751e8b465ee728b)  -> (artifact id: '5c57a9dbb6c699a274f727e058d9bb52') in 0.033328 seconds
Number of updated asset objects reloaded before import = 0
Number of asset objects unloaded after import = 3
